2025-06-18 21:49:50,583 INFO     [FlashTop]    init
2025-06-18 21:49:50,591 [Process-2856] INFO     [FlashTop]    do_main: cmd loadpara
2025-06-18 21:49:50,592 [Process-2856] INFO     [Para]    exe path: C:\HTNB32L-XXX-SDK\Firmware\HTNB32L-XXX-SDK\Debug
2025-06-18 21:49:50,595 [Process-2856] INFO     [Para]    update digest file :C:\HTNB32L-XXX-SDK\Firmware\HTNB32L-XXX-SDK\Debug\cfg.digest, digest:b'\x95\xaf\x7e\x3d\x46\xdd\x3a\xbe\xea\x1d\xe3\x59\x01\x93\x46\x51\x55\xdc\x16\x1b\x8a\x7b\xad\xc9\xcc\xe4\xde\x6d\x66\xeb\x63\x8b' 
2025-06-18 21:49:50,595 [Process-2856] INFO     [Para]    LoadPara from cfgfile(C:\HTNB32L-XXX-SDK\Firmware\HTNB32L-XXX-SDK\Debug\htnb32l.ini) 
2025-06-18 21:49:50,596 [Process-2856] WARNING  [Para]    Load para curdigest b'\x95\xaf\x7e\x3d\x46\xdd\x3a\xbe\xea\x1d\xe3\x59\x01\x93\x46\x51\x55\xdc\x16\x1b\x8a\x7b\xad\xc9\xcc\xe4\xde\x6d\x66\xeb\x63\x8b'
2025-06-18 21:49:50,596 [Process-2856] INFO     [FlashTop]    Load para sync success
2025-06-18 21:49:50,597 [Process-2856] INFO     [FlashToolCLI]    Burnbatch Start, burn imglist ['bootloader', 'system'].
2025-06-18 21:49:50,597 [Process-2856] INFO     [FlashTop]    do_main: cmd burnag, Thread0[2412]
2025-06-18 21:49:50,597 [Process-2856] INFO     [Thread0]    ProcessStart[2412]
2025-06-18 21:49:51,740 [Process-2856] INFO     [Thread0]    ResetBoard(Normal Mod) finish
2025-06-18 21:49:51,745 [Process-2856] INFO     [Thread0]    args.ser.port :COM3
2025-06-18 21:49:51,845 [Process-2856] INFO     [Image]    SetBaud 921600
2025-06-18 21:49:51,847 [Process-2856] INFO     [Thread0]    TryDownload C:\HTNB32L-XXX-SDK\Firmware\HTNB32L-XXX-SDK\Debug\agentboot.bin start
2025-06-18 21:49:51,848 [Process-2856] INFO     [Thread0]    image size=28568, hdsize=272
2025-06-18 21:49:51,848 [Process-2856] INFO     [Thread0]    Preamble Send
2025-06-18 21:49:51,908 [Process-2856] INFO     [Thread0]    Preamble Received Rsp
2025-06-18 21:49:51,981 [Process-2856] INFO     [Thread0]    Preamble Send
2025-06-18 21:49:52,104 [Process-2856] INFO     [Thread0]    Preamble Received Rsp
2025-06-18 21:49:54,907 [Process-2856] INFO     [Thread0]    TryDownload agentboot success
2025-06-18 21:49:54,914 [Process-2856] INFO     [Thread0]    agbaud: 921600
2025-06-18 21:49:55,016 [Process-2856] INFO     [Thread0]    Burn OK!
2025-06-18 21:49:55,016 [Process-2856] INFO     [Thread0]    ProcessEnd[2412]
2025-06-18 21:49:55,016 [Process-2856] INFO     [FlashTop]    do_main: cmd burnone, Thread0[2412]
2025-06-18 21:49:55,016 [Process-2856] INFO     [Thread0]    ProcessStart[2412]
2025-06-18 21:49:55,017 [Process-2856] INFO     [Thread0]    args.ser.port :COM3
2025-06-18 21:49:55,114 [Process-2856] INFO     [Thread0]    agentboot is downloaded already
2025-06-18 21:49:55,114 [Process-2856] INFO     [Thread0]    TryDownload agentboot skip
2025-06-18 21:49:55,123 [Process-2856] INFO     [Thread0]    agbaud: 921600
2025-06-18 21:49:55,220 [Process-2856] INFO     [Thread0]    LPC Preamble Send
2025-06-18 21:49:55,277 [Process-2856] INFO     [Thread0]    LPC Preamble Received Rsp
2025-06-18 21:49:55,306 [Process-2856] INFO     [Thread0]    LPCSetSyncStat(1)
2025-06-18 21:49:55,306 [Process-2856] INFO     [Thread0]    LPCSyncDetect: success
2025-06-18 21:49:55,307 [Process-2856] INFO     [Thread0]    DownloadBurnOne imgtype(bootloader)
2025-06-18 21:49:55,307 [Process-2856] INFO     [Thread0]    DownloadBurnOne imgtype(bootloader), burnaddr(0x0), imgid(0x4f424d49)
2025-06-18 21:49:55,307 [Process-2856] INFO     [Thread0]    DownloadBurnOne file C:\HTNB32L-XXX-SDK\Firmware\HTNB32L-XXX-SDK\Debug\bootloader.bin 
2025-06-18 21:49:55,308 [Process-2856] INFO     [Thread0]    TryDownload C:\HTNB32L-XXX-SDK\Firmware\HTNB32L-XXX-SDK\Debug\bootloader.bin start
2025-06-18 21:49:55,309 [Process-2856] INFO     [Thread0]    LPCBurnOneTrig start       			******
2025-06-18 21:49:55,315 [Process-2856] INFO     [Thread0]    LPCBurnOneTrig success
2025-06-18 21:49:55,315 [Process-2856] INFO     [Thread0]    DLDPreSync Preamble Send
2025-06-18 21:49:55,873 [Process-2856] INFO     [Thread0]    DLDPreSync Preamble Received Rsp
2025-06-18 21:49:55,904 [Process-2856] INFO     [Thread0]    image size=29248, hdsize=272
2025-06-18 21:49:55,904 [Process-2856] INFO     [Thread0]    
2025-06-18 21:49:55,905 [Process-2856] INFO     [Thread0]    imginfo.size=29248, RemainLen=29248, Offset=0
2025-06-18 21:49:55,905 [Process-2856] INFO     [Thread0]    {bootloader.bin-percent files transferred   0%}
2025-06-18 21:49:55,905 [Process-2856] INFO     [Thread0]    
2025-06-18 21:49:55,906 [Process-2856] INFO     [Thread0]    Preamble Send
2025-06-18 21:49:55,965 [Process-2856] INFO     [Thread0]    Preamble Received Rsp
2025-06-18 21:49:56,013 [Process-2856] INFO     [Thread0]    imginfo.size=29248, RemainLen=28976, Offset=272
2025-06-18 21:49:56,013 [Process-2856] INFO     [Thread0]    {bootloader.bin-percent files transferred   0%}
2025-06-18 21:49:56,013 [Process-2856] INFO     [Thread0]    
2025-06-18 21:49:56,014 [Process-2856] INFO     [Thread0]    Preamble Send
2025-06-18 21:49:56,540 [Process-2856] INFO     [Thread0]    Preamble Received Rsp
2025-06-18 21:49:57,062 [Process-2856] INFO     [Thread0]    imginfo.size=29248, RemainLen=0, Offset=272
2025-06-18 21:49:57,063 [Process-2856] INFO     [Thread0]    {bootloader.bin-percent files transferred   100%}
2025-06-18 21:49:57,063 [Process-2856] INFO     [Thread0]    
2025-06-18 21:49:57,068 [Process-2856] INFO     [Thread0]    TryDownload success
2025-06-18 21:49:57,071 [Process-2856] INFO     [Thread0]    Burn OK!
2025-06-18 21:49:57,071 [Process-2856] INFO     [Thread0]    ProcessEnd[2412]
2025-06-18 21:49:57,072 [Process-2856] INFO     [FlashTop]    do_main: cmd burnone, Thread0[2412]
2025-06-18 21:49:57,072 [Process-2856] INFO     [Thread0]    ProcessStart[2412]
2025-06-18 21:49:57,073 [Process-2856] INFO     [Thread0]    args.ser.port :COM3
2025-06-18 21:49:57,172 [Process-2856] INFO     [Thread0]    agentboot is downloaded already
2025-06-18 21:49:57,172 [Process-2856] INFO     [Thread0]    TryDownload agentboot skip
2025-06-18 21:49:57,179 [Process-2856] INFO     [Thread0]    agbaud: 921600
2025-06-18 21:49:57,277 [Process-2856] INFO     [Thread0]    LPC Preamble Send
2025-06-18 21:49:57,339 [Process-2856] INFO     [Thread0]    LPC Preamble Received Rsp
2025-06-18 21:49:57,368 [Process-2856] INFO     [Thread0]    LPCSyncDetect: success
2025-06-18 21:49:57,369 [Process-2856] INFO     [Thread0]    DownloadBurnOne imgtype(system)
2025-06-18 21:49:57,369 [Process-2856] INFO     [Thread0]    DownloadBurnOne imgtype(system), burnaddr(0x0), imgid(0x444b4249)
2025-06-18 21:49:57,369 [Process-2856] INFO     [Thread0]    DownloadBurnOne file C:\HTNB32L-XXX-SDK\Firmware\HTNB32L-XXX-SDK\Debug\../Build/MQTT_Example/HTNB32L-XXX-MQTT_Example.bin 
2025-06-18 21:49:57,383 [Process-2856] INFO     [Thread0]    TryDownload C:\HTNB32L-XXX-SDK\Firmware\HTNB32L-XXX-SDK\Debug\../Build/MQTT_Example/HTNB32L-XXX-MQTT_Example.bin start
2025-06-18 21:49:57,383 [Process-2856] INFO     [Thread0]    LPCBurnOneTrig start       			******
2025-06-18 21:49:57,390 [Process-2856] INFO     [Thread0]    LPCBurnOneTrig success
2025-06-18 21:49:57,390 [Process-2856] INFO     [Thread0]    DLDPreSync Preamble Send
2025-06-18 21:49:57,961 [Process-2856] INFO     [Thread0]    DLDPreSync Preamble Received Rsp
2025-06-18 21:49:57,992 [Process-2856] INFO     [Thread0]    image size=1470288, hdsize=272
2025-06-18 21:49:57,993 [Process-2856] INFO     [Thread0]    
2025-06-18 21:49:57,993 [Process-2856] INFO     [Thread0]    imginfo.size=1470288, RemainLen=1470288, Offset=0
2025-06-18 21:49:57,993 [Process-2856] INFO     [Thread0]    {HTNB32L-XXX-MQTT_Example.bin-percent files transferred   0%}
2025-06-18 21:49:57,994 [Process-2856] INFO     [Thread0]    
2025-06-18 21:49:57,994 [Process-2856] INFO     [Thread0]    Preamble Send
2025-06-18 21:49:58,054 [Process-2856] INFO     [Thread0]    Preamble Received Rsp
2025-06-18 21:49:58,098 [Process-2856] INFO     [Thread0]    imginfo.size=1470288, RemainLen=1470016, Offset=272
2025-06-18 21:49:58,099 [Process-2856] INFO     [Thread0]    {HTNB32L-XXX-MQTT_Example.bin-percent files transferred   0%}
2025-06-18 21:49:58,099 [Process-2856] INFO     [Thread0]    
2025-06-18 21:49:58,099 [Process-2856] INFO     [Thread0]    Preamble Send
2025-06-18 21:49:58,207 [Process-2856] INFO     [Thread0]    Preamble Received Rsp
2025-06-18 21:49:59,121 [Process-2856] INFO     [Thread0]    imginfo.size=1470288, RemainLen=1404480, Offset=65808
2025-06-18 21:49:59,122 [Process-2856] INFO     [Thread0]    {HTNB32L-XXX-MQTT_Example.bin-percent files transferred   4%}
2025-06-18 21:49:59,122 [Process-2856] INFO     [Thread0]    
2025-06-18 21:49:59,122 [Process-2856] INFO     [Thread0]    Preamble Send
2025-06-18 21:49:59,180 [Process-2856] INFO     [Thread0]    Preamble Received Rsp
2025-06-18 21:50:00,108 [Process-2856] INFO     [Thread0]    imginfo.size=1470288, RemainLen=1338944, Offset=131344
2025-06-18 21:50:00,109 [Process-2856] INFO     [Thread0]    {HTNB32L-XXX-MQTT_Example.bin-percent files transferred   8%}
2025-06-18 21:50:00,109 [Process-2856] INFO     [Thread0]    
2025-06-18 21:50:00,109 [Process-2856] INFO     [Thread0]    Preamble Send
2025-06-18 21:50:00,167 [Process-2856] INFO     [Thread0]    Preamble Received Rsp
2025-06-18 21:50:01,091 [Process-2856] INFO     [Thread0]    imginfo.size=1470288, RemainLen=1273408, Offset=196880
2025-06-18 21:50:01,091 [Process-2856] INFO     [Thread0]    {HTNB32L-XXX-MQTT_Example.bin-percent files transferred   13%}
2025-06-18 21:50:01,091 [Process-2856] INFO     [Thread0]    
2025-06-18 21:50:01,091 [Process-2856] INFO     [Thread0]    Preamble Send
2025-06-18 21:50:01,149 [Process-2856] INFO     [Thread0]    Preamble Received Rsp
2025-06-18 21:50:02,075 [Process-2856] INFO     [Thread0]    imginfo.size=1470288, RemainLen=1207872, Offset=262416
2025-06-18 21:50:02,076 [Process-2856] INFO     [Thread0]    {HTNB32L-XXX-MQTT_Example.bin-percent files transferred   17%}
2025-06-18 21:50:02,076 [Process-2856] INFO     [Thread0]    
2025-06-18 21:50:02,076 [Process-2856] INFO     [Thread0]    Preamble Send
2025-06-18 21:50:02,133 [Process-2856] INFO     [Thread0]    Preamble Received Rsp
2025-06-18 21:50:03,062 [Process-2856] INFO     [Thread0]    imginfo.size=1470288, RemainLen=1142336, Offset=327952
2025-06-18 21:50:03,063 [Process-2856] INFO     [Thread0]    {HTNB32L-XXX-MQTT_Example.bin-percent files transferred   22%}
2025-06-18 21:50:03,063 [Process-2856] INFO     [Thread0]    
2025-06-18 21:50:03,063 [Process-2856] INFO     [Thread0]    Preamble Send
2025-06-18 21:50:03,121 [Process-2856] INFO     [Thread0]    Preamble Received Rsp
2025-06-18 21:50:04,040 [Process-2856] INFO     [Thread0]    imginfo.size=1470288, RemainLen=1076800, Offset=393488
2025-06-18 21:50:04,040 [Process-2856] INFO     [Thread0]    {HTNB32L-XXX-MQTT_Example.bin-percent files transferred   26%}
2025-06-18 21:50:04,041 [Process-2856] INFO     [Thread0]    
2025-06-18 21:50:04,041 [Process-2856] INFO     [Thread0]    Preamble Send
2025-06-18 21:50:04,098 [Process-2856] INFO     [Thread0]    Preamble Received Rsp
2025-06-18 21:50:05,024 [Process-2856] INFO     [Thread0]    imginfo.size=1470288, RemainLen=1011264, Offset=459024
2025-06-18 21:50:05,024 [Process-2856] INFO     [Thread0]    {HTNB32L-XXX-MQTT_Example.bin-percent files transferred   31%}
2025-06-18 21:50:05,024 [Process-2856] INFO     [Thread0]    
2025-06-18 21:50:05,024 [Process-2856] INFO     [Thread0]    Preamble Send
2025-06-18 21:50:05,081 [Process-2856] INFO     [Thread0]    Preamble Received Rsp
2025-06-18 21:50:06,010 [Process-2856] INFO     [Thread0]    imginfo.size=1470288, RemainLen=945728, Offset=524560
2025-06-18 21:50:06,010 [Process-2856] INFO     [Thread0]    {HTNB32L-XXX-MQTT_Example.bin-percent files transferred   35%}
2025-06-18 21:50:06,010 [Process-2856] INFO     [Thread0]    
2025-06-18 21:50:06,011 [Process-2856] INFO     [Thread0]    Preamble Send
2025-06-18 21:50:06,068 [Process-2856] INFO     [Thread0]    Preamble Received Rsp
2025-06-18 21:50:06,997 [Process-2856] INFO     [Thread0]    imginfo.size=1470288, RemainLen=880192, Offset=590096
2025-06-18 21:50:06,997 [Process-2856] INFO     [Thread0]    {HTNB32L-XXX-MQTT_Example.bin-percent files transferred   40%}
2025-06-18 21:50:06,997 [Process-2856] INFO     [Thread0]    
2025-06-18 21:50:06,999 [Process-2856] INFO     [Thread0]    Preamble Send
2025-06-18 21:50:07,056 [Process-2856] INFO     [Thread0]    Preamble Received Rsp
2025-06-18 21:50:07,985 [Process-2856] INFO     [Thread0]    imginfo.size=1470288, RemainLen=814656, Offset=655632
2025-06-18 21:50:07,985 [Process-2856] INFO     [Thread0]    {HTNB32L-XXX-MQTT_Example.bin-percent files transferred   44%}
2025-06-18 21:50:07,985 [Process-2856] INFO     [Thread0]    
2025-06-18 21:50:07,986 [Process-2856] INFO     [Thread0]    Preamble Send
2025-06-18 21:50:08,043 [Process-2856] INFO     [Thread0]    Preamble Received Rsp
2025-06-18 21:50:08,974 [Process-2856] INFO     [Thread0]    imginfo.size=1470288, RemainLen=749120, Offset=721168
2025-06-18 21:50:08,975 [Process-2856] INFO     [Thread0]    {HTNB32L-XXX-MQTT_Example.bin-percent files transferred   49%}
2025-06-18 21:50:08,975 [Process-2856] INFO     [Thread0]    
2025-06-18 21:50:08,975 [Process-2856] INFO     [Thread0]    Preamble Send
2025-06-18 21:50:09,032 [Process-2856] INFO     [Thread0]    Preamble Received Rsp
2025-06-18 21:50:09,958 [Process-2856] INFO     [Thread0]    imginfo.size=1470288, RemainLen=683584, Offset=786704
2025-06-18 21:50:09,958 [Process-2856] INFO     [Thread0]    {HTNB32L-XXX-MQTT_Example.bin-percent files transferred   53%}
2025-06-18 21:50:09,958 [Process-2856] INFO     [Thread0]    
2025-06-18 21:50:09,959 [Process-2856] INFO     [Thread0]    Preamble Send
2025-06-18 21:50:10,016 [Process-2856] INFO     [Thread0]    Preamble Received Rsp
2025-06-18 21:50:10,944 [Process-2856] INFO     [Thread0]    imginfo.size=1470288, RemainLen=618048, Offset=852240
2025-06-18 21:50:10,944 [Process-2856] INFO     [Thread0]    {HTNB32L-XXX-MQTT_Example.bin-percent files transferred   57%}
2025-06-18 21:50:10,945 [Process-2856] INFO     [Thread0]    
2025-06-18 21:50:10,945 [Process-2856] INFO     [Thread0]    Preamble Send
2025-06-18 21:50:11,002 [Process-2856] INFO     [Thread0]    Preamble Received Rsp
2025-06-18 21:50:11,921 [Process-2856] INFO     [Thread0]    imginfo.size=1470288, RemainLen=552512, Offset=917776
2025-06-18 21:50:11,921 [Process-2856] INFO     [Thread0]    {HTNB32L-XXX-MQTT_Example.bin-percent files transferred   62%}
2025-06-18 21:50:11,921 [Process-2856] INFO     [Thread0]    
2025-06-18 21:50:11,922 [Process-2856] INFO     [Thread0]    Preamble Send
2025-06-18 21:50:11,978 [Process-2856] INFO     [Thread0]    Preamble Received Rsp
2025-06-18 21:50:12,906 [Process-2856] INFO     [Thread0]    imginfo.size=1470288, RemainLen=486976, Offset=983312
2025-06-18 21:50:12,906 [Process-2856] INFO     [Thread0]    {HTNB32L-XXX-MQTT_Example.bin-percent files transferred   66%}
2025-06-18 21:50:12,906 [Process-2856] INFO     [Thread0]    
2025-06-18 21:50:12,907 [Process-2856] INFO     [Thread0]    Preamble Send
2025-06-18 21:50:12,962 [Process-2856] INFO     [Thread0]    Preamble Received Rsp
2025-06-18 21:50:13,890 [Process-2856] INFO     [Thread0]    imginfo.size=1470288, RemainLen=421440, Offset=1048848
2025-06-18 21:50:13,890 [Process-2856] INFO     [Thread0]    {HTNB32L-XXX-MQTT_Example.bin-percent files transferred   71%}
2025-06-18 21:50:13,890 [Process-2856] INFO     [Thread0]    
2025-06-18 21:50:13,891 [Process-2856] INFO     [Thread0]    Preamble Send
2025-06-18 21:50:13,948 [Process-2856] INFO     [Thread0]    Preamble Received Rsp
2025-06-18 21:50:14,873 [Process-2856] INFO     [Thread0]    imginfo.size=1470288, RemainLen=355904, Offset=1114384
2025-06-18 21:50:14,874 [Process-2856] INFO     [Thread0]    {HTNB32L-XXX-MQTT_Example.bin-percent files transferred   75%}
2025-06-18 21:50:14,874 [Process-2856] INFO     [Thread0]    
2025-06-18 21:50:14,874 [Process-2856] INFO     [Thread0]    Preamble Send
2025-06-18 21:50:14,931 [Process-2856] INFO     [Thread0]    Preamble Received Rsp
2025-06-18 21:50:15,859 [Process-2856] INFO     [Thread0]    imginfo.size=1470288, RemainLen=290368, Offset=1179920
2025-06-18 21:50:15,859 [Process-2856] INFO     [Thread0]    {HTNB32L-XXX-MQTT_Example.bin-percent files transferred   80%}
2025-06-18 21:50:15,860 [Process-2856] INFO     [Thread0]    
2025-06-18 21:50:15,860 [Process-2856] INFO     [Thread0]    Preamble Send
2025-06-18 21:50:15,917 [Process-2856] INFO     [Thread0]    Preamble Received Rsp
2025-06-18 21:50:16,840 [Process-2856] INFO     [Thread0]    imginfo.size=1470288, RemainLen=224832, Offset=1245456
2025-06-18 21:50:16,840 [Process-2856] INFO     [Thread0]    {HTNB32L-XXX-MQTT_Example.bin-percent files transferred   84%}
2025-06-18 21:50:16,841 [Process-2856] INFO     [Thread0]    
2025-06-18 21:50:16,841 [Process-2856] INFO     [Thread0]    Preamble Send
2025-06-18 21:50:16,898 [Process-2856] INFO     [Thread0]    Preamble Received Rsp
2025-06-18 21:50:17,822 [Process-2856] INFO     [Thread0]    imginfo.size=1470288, RemainLen=159296, Offset=1310992
2025-06-18 21:50:17,823 [Process-2856] INFO     [Thread0]    {HTNB32L-XXX-MQTT_Example.bin-percent files transferred   89%}
2025-06-18 21:50:17,823 [Process-2856] INFO     [Thread0]    
2025-06-18 21:50:17,823 [Process-2856] INFO     [Thread0]    Preamble Send
2025-06-18 21:50:17,881 [Process-2856] INFO     [Thread0]    Preamble Received Rsp
2025-06-18 21:50:18,806 [Process-2856] INFO     [Thread0]    imginfo.size=1470288, RemainLen=93760, Offset=1376528
2025-06-18 21:50:18,806 [Process-2856] INFO     [Thread0]    {HTNB32L-XXX-MQTT_Example.bin-percent files transferred   93%}
2025-06-18 21:50:18,807 [Process-2856] INFO     [Thread0]    
2025-06-18 21:50:18,807 [Process-2856] INFO     [Thread0]    Preamble Send
2025-06-18 21:50:18,865 [Process-2856] INFO     [Thread0]    Preamble Received Rsp
2025-06-18 21:50:19,791 [Process-2856] INFO     [Thread0]    imginfo.size=1470288, RemainLen=28224, Offset=1442064
2025-06-18 21:50:19,791 [Process-2856] INFO     [Thread0]    {HTNB32L-XXX-MQTT_Example.bin-percent files transferred   98%}
2025-06-18 21:50:19,791 [Process-2856] INFO     [Thread0]    
2025-06-18 21:50:19,792 [Process-2856] INFO     [Thread0]    Preamble Send
2025-06-18 21:50:20,169 [Process-2856] INFO     [Thread0]    Preamble Received Rsp
2025-06-18 21:50:20,681 [Process-2856] INFO     [Thread0]    imginfo.size=1470288, RemainLen=0, Offset=1442064
2025-06-18 21:50:20,681 [Process-2856] INFO     [Thread0]    {HTNB32L-XXX-MQTT_Example.bin-percent files transferred   100%}
2025-06-18 21:50:20,682 [Process-2856] INFO     [Thread0]    
2025-06-18 21:50:20,687 [Process-2856] INFO     [Thread0]    TryDownload success
2025-06-18 21:50:20,691 [Process-2856] INFO     [Thread0]    Burn OK!
2025-06-18 21:50:20,691 [Process-2856] INFO     [Thread0]    ProcessEnd[2412]
2025-06-18 21:50:20,691 [Process-2856] INFO     [FlashToolCLI]    Burnbatch OK, imglist ['bootloader', 'system']
